<?xml version="1.0" encoding="UTF-8"?>
<!-- Generated by org.testng.reporters.JUnitReportReporter -->
<testsuite hostname="MOHAN" failures="0" tests="4" name="Pack.TestNGP3" time="0.024" errors="0" timestamp="2022-09-13T20:52:03 IST" skipped="0">
  <testcase classname="Pack.TestNGP3" name="testC" time="0.007"/>
  <system-out/>
  <testcase classname="Pack.TestNGP3" name="testB" time="0.005"/>
  <system-out/>
  <testcase classname="Pack.TestNGP3" name="testD" time="0.007"/>
  <system-out/>
  <testcase classname="Pack.TestNGP3" name="testA" time="0.005"/>
  <system-out/>
</testsuite> <!-- Pack.TestNGP3 -->
