<?xml version="1.0" encoding="UTF-8"?>
<!-- Generated by org.testng.reporters.JUnitReportReporter -->
<testsuite hostname="MOHAN" failures="0" tests="4" name="keywordsNG.TestNGP14" time="0.022" errors="0" timestamp="2022-09-14T16:43:34 IST" skipped="1">
  <testcase classname="keywordsNG.TestNGP14" name="testD" time="0.012"/>
  <system-out/>
  <testcase classname="keywordsNG.TestNGP14" name="testC" time="0.005"/>
  <system-out/>
  <testcase classname="keywordsNG.TestNGP14" name="testA" time="0.005"/>
  <system-out/>
  <testcase classname="keywordsNG.TestNGP14" name="testB">
    <skipped/>
  </testcase> <!-- testB -->
  <system-out/>
</testsuite> <!-- keywordsNG.TestNGP14 -->
