<?xml version="1.0" encoding="UTF-8"?>
<!-- Generated by org.testng.reporters.JUnitReportReporter -->
<testsuite hostname="MOHAN" failures="0" tests="8" name="Pack.TestClass2" time="0.025" errors="0" timestamp="2022-09-17T16:03:52 IST" skipped="0">
  <testcase classname="Pack.TestClass2" name="testA" time="0.002"/>
  <system-out/>
  <testcase classname="Pack.TestClass2" name="testD" time="0.003"/>
  <system-out/>
  <testcase classname="Pack.TestClass2" name="testD" time="0.003"/>
  <system-out/>
  <testcase classname="Pack.TestClass2" name="testC" time="0.002"/>
  <system-out/>
  <testcase classname="Pack.TestClass2" name="testB" time="0.005"/>
  <system-out/>
  <testcase classname="Pack.TestClass2" name="testC" time="0.003"/>
  <system-out/>
  <testcase classname="Pack.TestClass2" name="testA" time="0.005"/>
  <system-out/>
  <testcase classname="Pack.TestClass2" name="testB" time="0.002"/>
  <system-out/>
</testsuite> <!-- Pack.TestClass2 -->
