<?xml version="1.0" encoding="UTF-8"?>
<!-- Generated by org.testng.reporters.JUnitReportReporter -->
<testsuite hostname="MOHAN" failures="0" tests="4" name="keywordsNG.TestNGP2" time="0.026" errors="0" timestamp="2022-09-14T16:06:29 IST" skipped="0">
  <testcase classname="keywordsNG.TestNGP2" name="testC" time="0.012"/>
  <system-out/>
  <testcase classname="keywordsNG.TestNGP2" name="testB" time="0.005"/>
  <system-out/>
  <testcase classname="keywordsNG.TestNGP2" name="testD" time="0.005"/>
  <system-out/>
  <testcase classname="keywordsNG.TestNGP2" name="testA" time="0.004"/>
  <system-out/>
</testsuite> <!-- keywordsNG.TestNGP2 -->
