<?xml version="1.0" encoding="UTF-8"?>
<!-- Generated by org.testng.reporters.JUnitReportReporter -->
<testsuite hostname="MOHAN" failures="0" tests="8" name="Pack.TestClass1" time="0.036" errors="0" timestamp="2022-09-17T16:03:52 IST" skipped="0">
  <testcase classname="Pack.TestClass1" name="test1" time="0.006"/>
  <system-out/>
  <testcase classname="Pack.TestClass1" name="test2" time="0.003"/>
  <system-out/>
  <testcase classname="Pack.TestClass1" name="test1" time="0.005"/>
  <system-out/>
  <testcase classname="Pack.TestClass1" name="test3" time="0.003"/>
  <system-out/>
  <testcase classname="Pack.TestClass1" name="test4" time="0.004"/>
  <system-out/>
  <testcase classname="Pack.TestClass1" name="test4" time="0.004"/>
  <system-out/>
  <testcase classname="Pack.TestClass1" name="test2" time="0.008"/>
  <system-out/>
  <testcase classname="Pack.TestClass1" name="test3" time="0.003"/>
  <system-out/>
</testsuite> <!-- Pack.TestClass1 -->
