<?xml version="1.0" encoding="UTF-8"?>
<!-- Generated by org.testng.reporters.JUnitReportReporter -->
<testsuite hostname="MOHAN" failures="0" tests="4" name="pack0.VerifyRoomsPage2" time="0.000" errors="0" timestamp="2022-09-30T17:16:36 IST" skipped="4">
  <testcase classname="pack0.VerifyRoomsPage2" name="verifycontactToHelpCenterButton" time="0.000">
    <skipped/>
  </testcase> <!-- verifycontactToHelpCenterButton -->
  <system-out/>
  <testcase classname="pack0.VerifyRoomsPage2" name="verifycontactToHelpCenterButton" time="0.000">
    <skipped/>
  </testcase> <!-- verifycontactToHelpCenterButton -->
  <system-out/>
  <testcase classname="pack0.VerifyRoomsPage2" name="verifygoBackToMessengerButton" time="0.000">
    <skipped/>
  </testcase> <!-- verifygoBackToMessengerButton -->
  <system-out/>
  <testcase classname="pack0.VerifyRoomsPage2" name="verifygoBackToMessengerButton" time="0.000">
    <skipped/>
  </testcase> <!-- verifygoBackToMessengerButton -->
  <system-out/>
</testsuite> <!-- pack0.VerifyRoomsPage2 -->
