<?xml version="1.0" encoding="UTF-8"?>
<!-- Generated by org.testng.reporters.JUnitReportReporter -->
<testsuite hostname="MOHAN" failures="0" tests="4" name="keywordsNG.TestNGP15" time="0.020" errors="0" timestamp="2022-09-14T16:45:03 IST" skipped="0">
  <testcase classname="keywordsNG.TestNGP15" name="testB" time="0.009"/>
  <system-out/>
  <testcase classname="keywordsNG.TestNGP15" name="testD" time="0.005"/>
  <system-out/>
  <testcase classname="keywordsNG.TestNGP15" name="testC" time="0.004"/>
  <system-out/>
  <testcase classname="keywordsNG.TestNGP15" name="testA" time="0.002"/>
  <system-out/>
</testsuite> <!-- keywordsNG.TestNGP15 -->
