<?xml version="1.0" encoding="UTF-8"?>
<!-- Generated by org.testng.reporters.JUnitReportReporter -->
<testsuite hostname="MOHAN" failures="0" tests="4" name="keywordsNG.TestNGP11" time="0.018" errors="0" timestamp="2022-09-14T16:36:18 IST" skipped="0">
  <testcase classname="keywordsNG.TestNGP11" name="testD" time="0.008"/>
  <system-out/>
  <testcase classname="keywordsNG.TestNGP11" name="testB" time="0.003"/>
  <system-out/>
  <testcase classname="keywordsNG.TestNGP11" name="testC" time="0.005"/>
  <system-out/>
  <testcase classname="keywordsNG.TestNGP11" name="testA" time="0.002"/>
  <system-out/>
</testsuite> <!-- keywordsNG.TestNGP11 -->
