<?xml version="1.0" encoding="UTF-8"?>
<!-- Generated by org.testng.reporters.JUnitReportReporter -->
<testsuite hostname="MOHAN" failures="0" tests="3" name="keywordsNG.TestNGP8" time="0.017" errors="0" timestamp="2022-09-14T16:25:45 IST" skipped="0">
  <testcase classname="keywordsNG.TestNGP8" name="testD" time="0.010"/>
  <system-out/>
  <testcase classname="keywordsNG.TestNGP8" name="testA" time="0.004"/>
  <system-out/>
  <testcase classname="keywordsNG.TestNGP8" name="testC" time="0.003"/>
  <system-out/>
</testsuite> <!-- keywordsNG.TestNGP8 -->
