<?xml version="1.0" encoding="UTF-8"?>
<!-- Generated by org.testng.reporters.JUnitReportReporter -->
<testsuite hostname="MOHAN" failures="0" tests="6" name="keywordsNG.TestNGP6" time="0.022" errors="0" timestamp="2022-09-14T16:21:52 IST" skipped="0">
  <testcase classname="keywordsNG.TestNGP6" name="testD" time="0.008"/>
  <system-out/>
  <testcase classname="keywordsNG.TestNGP6" name="testB" time="0.002"/>
  <system-out/>
  <testcase classname="keywordsNG.TestNGP6" name="testB" time="0.003"/>
  <system-out/>
  <testcase classname="keywordsNG.TestNGP6" name="testB" time="0.004"/>
  <system-out/>
  <testcase classname="keywordsNG.TestNGP6" name="testA" time="0.003"/>
  <system-out/>
  <testcase classname="keywordsNG.TestNGP6" name="testC" time="0.002"/>
  <system-out/>
</testsuite> <!-- keywordsNG.TestNGP6 -->
