<?xml version="1.0" encoding="UTF-8"?>
<!-- Generated by org.testng.reporters.JUnitReportReporter -->
<testsuite hostname="MOHAN" failures="0" tests="2" name="Assert.SoftAssert" time="26.399" errors="0" timestamp="2022-09-16T13:14:06 IST" skipped="0">
  <testcase classname="Assert.SoftAssert" name="verifycontactToHelpCenterButton" time="11.440"/>
  <system-out/>
  <testcase classname="Assert.SoftAssert" name="verifygoBackToMessengerButton" time="14.959"/>
  <system-out/>
</testsuite> <!-- Assert.SoftAssert -->
