<?xml version="1.0" encoding="UTF-8"?>
<!-- Generated by org.testng.reporters.JUnitReportReporter -->
<testsuite hostname="MOHAN" failures="0" tests="6" name="keywordsNG.TestNGP5" time="0.030" errors="0" timestamp="2022-09-14T16:18:37 IST" skipped="0">
  <testcase classname="keywordsNG.TestNGP5" name="testD" time="0.004"/>
  <system-out/>
  <testcase classname="keywordsNG.TestNGP5" name="testB" time="0.008"/>
  <system-out/>
  <testcase classname="keywordsNG.TestNGP5" name="testB" time="0.003"/>
  <system-out/>
  <testcase classname="keywordsNG.TestNGP5" name="testB" time="0.006"/>
  <system-out/>
  <testcase classname="keywordsNG.TestNGP5" name="testC" time="0.002"/>
  <system-out/>
  <testcase classname="keywordsNG.TestNGP5" name="testA" time="0.007"/>
  <system-out/>
</testsuite> <!-- keywordsNG.TestNGP5 -->
