<?xml version="1.0" encoding="UTF-8"?>
<!-- Generated by org.testng.reporters.JUnitReportReporter -->
<testsuite hostname="MOHAN" failures="0" tests="4" name="keywordsNG.TestNGP7" time="0.023" errors="0" timestamp="2022-09-14T16:24:00 IST" skipped="0">
  <testcase classname="keywordsNG.TestNGP7" name="testD" time="0.008"/>
  <system-out/>
  <testcase classname="keywordsNG.TestNGP7" name="testB" time="0.006"/>
  <system-out/>
  <testcase classname="keywordsNG.TestNGP7" name="testA" time="0.006"/>
  <system-out/>
  <testcase classname="keywordsNG.TestNGP7" name="testC" time="0.003"/>
  <system-out/>
</testsuite> <!-- keywordsNG.TestNGP7 -->
