<?xml version="1.0" encoding="UTF-8"?>
<!-- Generated by org.testng.reporters.JUnitReportReporter -->
<testsuite hostname="MOHAN" failures="0" tests="3" name="keywordsNG.TestNGP9" time="0.014" errors="0" timestamp="2022-09-14T16:27:04 IST" skipped="0">
  <testcase classname="keywordsNG.TestNGP9" name="testD" time="0.008"/>
  <system-out/>
  <testcase classname="keywordsNG.TestNGP9" name="testA" time="0.004"/>
  <system-out/>
  <testcase classname="keywordsNG.TestNGP9" name="testC" time="0.002"/>
  <system-out/>
</testsuite> <!-- keywordsNG.TestNGP9 -->
