<?xml version="1.0" encoding="UTF-8"?>
<!-- Generated by org.testng.reporters.JUnitReportReporter -->
<testsuite hostname="MOHAN" failures="0" tests="2" name="pack0.SoftAssert" time="22.007" errors="0" timestamp="2022-09-16T13:06:28 IST" skipped="0">
  <testcase classname="pack0.SoftAssert" name="verifycontactToHelpCenterButton" time="7.121"/>
  <system-out/>
  <testcase classname="pack0.SoftAssert" name="verifygoBackToMessengerButton" time="14.886"/>
  <system-out/>
</testsuite> <!-- pack0.SoftAssert -->
