<?xml version="1.0" encoding="UTF-8"?>
<!-- Generated by org.testng.reporters.JUnitReportReporter -->
<testsuite hostname="MOHAN" failures="0" tests="4" name="keywordsNG.TestNGP10" time="0.024" errors="0" timestamp="2022-09-14T16:33:16 IST" skipped="0">
  <testcase classname="keywordsNG.TestNGP10" name="testD" time="0.010"/>
  <system-out/>
  <testcase classname="keywordsNG.TestNGP10" name="testB" time="0.004"/>
  <system-out/>
  <testcase classname="keywordsNG.TestNGP10" name="testA" time="0.006"/>
  <system-out/>
  <testcase classname="keywordsNG.TestNGP10" name="testC" time="0.004"/>
  <system-out/>
</testsuite> <!-- keywordsNG.TestNGP10 -->
