<?xml version="1.0" encoding="UTF-8"?>
<!-- Generated by org.testng.reporters.JUnitReportReporter -->
<testsuite hostname="MOHAN" failures="0" tests="4" name="Pack.TestNGP2" time="0.020" errors="0" timestamp="2022-09-13T20:49:59 IST" skipped="0">
  <testcase classname="Pack.TestNGP2" name="testC" time="0.010"/>
  <system-out/>
  <testcase classname="Pack.TestNGP2" name="testB" time="0.003"/>
  <system-out/>
  <testcase classname="Pack.TestNGP2" name="testD" time="0.004"/>
  <system-out/>
  <testcase classname="Pack.TestNGP2" name="testA" time="0.003"/>
  <system-out/>
</testsuite> <!-- Pack.TestNGP2 -->
