<?xml version="1.0" encoding="UTF-8"?>
<!-- Generated by org.testng.reporters.JUnitReportReporter -->
<testsuite hostname="MOHAN" failures="0" tests="4" name="keywordsNG.TestNGP4" time="0.020" errors="0" timestamp="2022-09-14T16:07:12 IST" skipped="0">
  <testcase classname="keywordsNG.TestNGP4" name="testB" time="0.009"/>
  <system-out/>
  <testcase classname="keywordsNG.TestNGP4" name="testD" time="0.003"/>
  <system-out/>
  <testcase classname="keywordsNG.TestNGP4" name="testC" time="0.005"/>
  <system-out/>
  <testcase classname="keywordsNG.TestNGP4" name="testA" time="0.003"/>
  <system-out/>
</testsuite> <!-- keywordsNG.TestNGP4 -->
