<?xml version="1.0" encoding="UTF-8"?>
<!-- Generated by org.testng.reporters.JUnitReportReporter -->
<testsuite hostname="MOHAN" failures="0" tests="2" name="pack0.VerifyRoomsPage" time="26.320" errors="0" timestamp="2022-09-26T18:22:41 IST" skipped="0">
  <testcase classname="pack0.VerifyRoomsPage" name="verifycontactToHelpCenterButton" time="9.189"/>
  <system-out/>
  <testcase classname="pack0.VerifyRoomsPage" name="verifygoBackToMessengerButton" time="17.131"/>
  <system-out/>
</testsuite> <!-- pack0.VerifyRoomsPage -->
