<?xml version="1.0" encoding="UTF-8"?>
<!-- Generated by org.testng.reporters.JUnitReportReporter -->
<testsuite hostname="MOHAN" failures="0" tests="4" name="keywordsNG.TestNGP3" time="0.025" errors="0" timestamp="2022-09-14T16:06:52 IST" skipped="0">
  <testcase classname="keywordsNG.TestNGP3" name="testC" time="0.010"/>
  <system-out/>
  <testcase classname="keywordsNG.TestNGP3" name="testB" time="0.006"/>
  <system-out/>
  <testcase classname="keywordsNG.TestNGP3" name="testD" time="0.004"/>
  <system-out/>
  <testcase classname="keywordsNG.TestNGP3" name="testA" time="0.005"/>
  <system-out/>
</testsuite> <!-- keywordsNG.TestNGP3 -->
